******** xxx ********
******************* GDI DUMP => Date : Wed Jul 19 17:48:20 2023

cErrLog::SetLogTraceOn
STLinkUSBDriver.dll loaded
ST-Link/V2 device detected
Target voltage detected: 2.921325
Error getting target IDCODE: if SWD, check SWD connection
Error (4) while initializing ST-Link in SWD mode
ST-Link/V2 device detected
Target voltage detected: 2.921325
Error getting target IDCODE: if SWD, check SWD connection
Error (4) while initializing ST-Link in SWD mode
ST-Link/V2 device detected
Target voltage detected: 2.922914
Error getting target IDCODE: if SWD, check SWD connection
Error (4) while initializing ST-Link in SWD mode
ST-Link/V2 device detected
Target voltage detected: 2.921325
Error getting target IDCODE: if SWD, check SWD connection
Error (4) while initializing ST-Link in SWD mode
ST-Link/V2 device detected
Target voltage detected: 2.921325
Error getting target IDCODE: if SWD, check SWD connection
Error (4) while initializing ST-Link in SWD mode
ST-Link/V2 device detected
Target voltage detected: 2.922914
Error getting target IDCODE: if SWD, check SWD connection
Error (4) while initializing ST-Link in SWD mode
ST-Link/V2 device detected
Target voltage detected: 2.921325
Error getting target IDCODE: if SWD, check SWD connection
Error (4) while initializing ST-Link in SWD mode
ST-Link/V2 device detected
Target voltage detected: 2.921325
Error getting target IDCODE: if SWD, check SWD connection
Error (4) while initializing ST-Link in SWD mode
ST-Link/V2 device detected
Target voltage detected: 2.921325
Error getting target IDCODE: if SWD, check SWD connection
Error (4) while initializing ST-Link in SWD mode
ST-Link/V2 device detected
Target voltage detected: 2.921325
Error getting target IDCODE: if SWD, check SWD connection
Error (4) while initializing ST-Link in SWD mode
ST-Link/V2 device detected
Target voltage detected: 2.924503
Error getting target IDCODE: if SWD, check SWD connection
Error (4) while initializing ST-Link in SWD mode
ST-Link/V2 device detected
Target voltage detected: 2.924503
Error getting target IDCODE: if SWD, check SWD connection
Error (4) while initializing ST-Link in SWD mode
ST-Link/V2 device detected
Target voltage detected: 2.924503
Error getting target IDCODE: if SWD, check SWD connection
Error (4) while initializing ST-Link in SWD mode
ST-Link/V2 device detected
Target voltage detected: 2.924503
Error getting target IDCODE: if SWD, check SWD connection
Error (4) while initializing ST-Link in SWD mode
ST-Link/V2 device detected
Target voltage detected: 2.922914
Error getting target IDCODE: if SWD, check SWD connection
Error (4) while initializing ST-Link in SWD mode
ST-Link/V2 device detected
Target voltage detected: 2.921325
Error getting target IDCODE: if SWD, check SWD connection
Error (4) while initializing ST-Link in SWD mode
ST-Link/V2 device detected
Target voltage detected: 2.921325
Error getting target IDCODE: if SWD, check SWD connection
Error (4) while initializing ST-Link in SWD mode
ST-Link/V2 device detected
Target voltage detected: 2.921325
Error getting target IDCODE: if SWD, check SWD connection
Error (4) while initializing ST-Link in SWD mode
ST-Link/V2 device detected
Target voltage detected: 2.921325
Error getting target IDCODE: if SWD, check SWD connection
Error (4) while initializing ST-Link in SWD mode
ST-Link/V2 device detected
Target voltage detected: 2.924503
Error getting target IDCODE: if SWD, check SWD connection
Error (4) while initializing ST-Link in SWD mode
ST-Link/V2 device detected
Target voltage detected: 2.922914
Error getting target IDCODE: if SWD, check SWD connection
Error (4) while initializing ST-Link in SWD mode
ST-Link/V2 device detected
Target voltage detected: 2.922914
Error getting target IDCODE: if SWD, check SWD connection
Error (4) while initializing ST-Link in SWD mode
ST-Link/V2 device detected
Target voltage detected: 2.922914
Error getting target IDCODE: if SWD, check SWD connection
Error (4) while initializing ST-Link in SWD mode
ST-Link/V2 device detected
Target voltage detected: 2.922914
Error getting target IDCODE: if SWD, check SWD connection
Error (4) while initializing ST-Link in SWD mode
ST-Link/V2 device detected
Target voltage detected: 2.921325
Error getting target IDCODE: if SWD, check SWD connection
Error (4) while initializing ST-Link in SWD mode
ST-Link/V2 device detected
Target voltage detected: 2.921325
Error getting target IDCODE: if SWD, check SWD connection
Error (4) while initializing ST-Link in SWD mode
ST-Link/V2 device detected
Target voltage detected: 2.921325
Error getting target IDCODE: if SWD, check SWD connection
Error (4) while initializing ST-Link in SWD mode
ST-Link/V2 device detected
Target voltage detected: 2.921325
Error getting target IDCODE: if SWD, check SWD connection
Error (4) while initializing ST-Link in SWD mode
ST-Link/V2 device detected
Target voltage detected: 2.921325
Error getting target IDCODE: if SWD, check SWD connection
Error (4) while initializing ST-Link in SWD mode
ST-Link/V2 device detected
Target voltage detected: 2.924503
Error getting target IDCODE: if SWD, check SWD connection
Error (4) while initializing ST-Link in SWD mode
ST-Link/V2 device detected
Target voltage detected: 2.924503
Error getting target IDCODE: if SWD, check SWD connection
Error (4) while initializing ST-Link in SWD mode
**** End of GDI DUMP ****
